{
  "RSpec": {
    "coverage": {
      "/Users/Cora_The_Explorer/Documents/DevBootcamp/week-7/MikeHub/mikehub/app/helpers/application_helper.rb": [
        1,
        null
      ],
      "/Users/Cora_The_Explorer/Documents/DevBootcamp/week-7/MikeHub/mikehub/app/helpers/sessions_helper.rb": [
        1,
        null
      ],
      "/Users/Cora_The_Explorer/Documents/DevBootcamp/week-7/MikeHub/mikehub/app/helpers/users_helper.rb": [
        1,
        null
      ],
      "/Users/Cora_The_Explorer/Documents/DevBootcamp/week-7/MikeHub/mikehub/app/controllers/articles_controller.rb": [
        1,
        1,
        null,
        1,
        3,
        null,
        null,
        1,
        1,
        1,
        1,
        1,
        null,
        0,
        0,
        null,
        null,
        null,
        1,
        null,
        null,
        1,
        null,
        null,
        1,
        0,
        0,
        0,
        0,
        null,
        0,
        null,
        null,
        null,
        1,
        null,
        1,
        0,
        null,
        null,
        1,
        1,
        null,
        null,
        null,
        null
      ],
      "/Users/Cora_The_Explorer/Documents/DevBootcamp/week-7/MikeHub/mikehub/app/controllers/application_controller.rb": [
        1,
        null,
        null,
        1,
        null,
        null,
        1,
        0,
        null,
        null,
        1,
        5,
        null,
        null,
        null,
        1,
        1,
        null
      ],
      "/Users/Cora_The_Explorer/Documents/DevBootcamp/week-7/MikeHub/mikehub/app/controllers/pages_controller.rb": [
        1,
        1,
        0,
        0,
        null,
        null,
        1,
        0,
        null,
        0,
        0,
        null,
        0,
        0,
        0,
        null,
        null
      ],
      "/Users/Cora_The_Explorer/Documents/DevBootcamp/week-7/MikeHub/mikehub/app/controllers/sessions_controller.rb": [
        1,
        null,
        1,
        null,
        null,
        1,
        null,
        2,
        2,
        null,
        1,
        1,
        null,
        null,
        1,
        null,
        null,
        null,
        null,
        1,
        1,
        1,
        null,
        null,
        1,
        null,
        1,
        3,
        null,
        null,
        null,
        null,
        null
      ],
      "/Users/Cora_The_Explorer/Documents/DevBootcamp/week-7/MikeHub/mikehub/app/controllers/users_controller.rb": [
        1,
        1,
        1,
        null,
        null,
        null,
        null,
        1,
        2,
        2,
        1,
        null,
        1,
        null,
        null,
        null,
        null,
        1,
        2,
        2,
        null,
        null,
        null,
        1,
        null,
        null,
        1,
        null,
        1,
        2,
        null,
        null
      ],
      "/Users/Cora_The_Explorer/Documents/DevBootcamp/week-7/MikeHub/mikehub/app/models/user.rb": [
        1,
        1,
        1,
        1,
        1,
        1,
        null,
        1,
        null,
        1,
        0,
        null,
        null,
        null
      ],
      "/Users/Cora_The_Explorer/Documents/DevBootcamp/week-7/MikeHub/mikehub/app/models/article.rb": [
        1,
        1,
        1,
        1,
        null,
        1,
        null,
        null
      ]
    },
    "timestamp": 1447367247
  }
}
